<?xml version="1.0" encoding="UTF-8"?>
<!-- Generated by org.testng.reporters.JUnitXMLReporter -->
<testsuite ignored="2" hostname="DESKTOP-RH3USD0" failures="0" tests="0" time="0.018" errors="0" timestamp="2024-03-24T23:28:16 IST">
  <testcase classname="rahulshettyacademy.tests.ErrorValidations" name="Loginerrorvalidation" time="0.0">
    <ignored/>
  </testcase> <!-- Loginerrorvalidation -->
  <testcase classname="rahulshettyacademy.tests.ErrorValidations" name="submitOrder56" time="0.0">
    <ignored/>
  </testcase> <!-- submitOrder56 -->
</testsuite>
