<?xml version="1.0" encoding="UTF-8"?>
<!-- Generated by org.testng.reporters.JUnitXMLReporter -->
<testsuite ignored="0" hostname="DESKTOP-RH3USD0" failures="0" tests="3" name="Stand Alone Test" time="36.327" errors="0" timestamp="2024-03-31T18:41:05 IST">
  <testcase classname="rahulshettyacademy.tests.StandAloneTest" name="submitOrder" time="9.784"/>
  <testcase classname="rahulshettyacademy.tests.StandAloneTest" name="submitOrder" time="9.085"/>
  <testcase classname="rahulshettyacademy.tests.StandAloneTest" name="OrderHistoryTest" time="1.012"/>
</testsuite> <!-- Stand Alone Test -->
